<?xml version="1.0" encoding="UTF-8"?>
<!-- Generated by org.testng.reporters.JUnitXMLReporter -->
<testsuite ignored="0" hostname="LAPTOP-D1A03UK7" failures="0" tests="10" name="Test" time="25.284" errors="0" timestamp="2023-01-25T15:27:31 IST">
  <testcase classname="genericUtility.BaseClass" name="@BeforeMethod BM" time="20.139">
    <failure type="org.openqa.selenium.NoSuchElementException" message="no such element: Unable to locate element: {&amp;quot;method&amp;quot;:&amp;quot;xpath&amp;quot;,&amp;quot;selector&amp;quot;:&amp;quot;//input[@placeholder=&amp;apos;Enter Username&amp;apos;]&amp;quot;}
  (Session info: chrome=109.0.5414.75)
For documentation on this error, please visit: https://www.seleniumhq.org/exceptions/no_such_element.html
Build info: version: &amp;apos;3.141.59&amp;apos;, revision: &amp;apos;e82be7d358&amp;apos;, time: &amp;apos;2018-11-14T08:17:03&amp;apos;
System info: host: &amp;apos;LAPTOP-D1A03UK7&amp;apos;, ip: &amp;apos;192.168.1.12&amp;apos;, os.name: &amp;apos;Windows 11&amp;apos;, os.arch: &amp;apos;amd64&amp;apos;, os.version: &amp;apos;10.0&amp;apos;, java.version: &amp;apos;18.0.2.1&amp;apos;
Driver info: org.openqa.selenium.chrome.ChromeDriver
Capabilities {acceptInsecureCerts: false, browserName: chrome, browserVersion: 109.0.5414.75, chrome: {chromedriverVersion: 109.0.5414.74 (e7c5703604da..., userDataDir: C:\Users\bhara\AppData\Loca...}, goog:chromeOptions: {debuggerAddress: localhost:56778}, javascriptEnabled: true, networkConnectionEnabled: false, pageLoadStrategy: normal, platform: WINDOWS, platformName: WINDOWS, proxy: Proxy(), setWindowRect: true, strictFileInteractability: false, timeouts: {implicit: 0, pageLoad: 300000, script: 30000}, unhandledPromptBehavior: dismiss and notify, webauthn:extension:credBlob: true, webauthn:extension:largeBlob: true, webauthn:virtualAuthenticators: true}
Session ID: ccaaf18577fe5ec69278ffdc694798c1
*** Element info: {Using=xpath, value=//input[@placeholder=&amp;apos;Enter Username&amp;apos;]}">
      <![CDATA[org.openqa.selenium.NoSuchElementException: no such element: Unable to locate element: {"method":"xpath","selector":"//input[@placeholder='Enter Username']"}
  (Session info: chrome=109.0.5414.75)
For documentation on this error, please visit: https://www.seleniumhq.org/exceptions/no_such_element.html
Build info: version: '3.141.59', revision: 'e82be7d358', time: '2018-11-14T08:17:03'
System info: host: 'LAPTOP-D1A03UK7', ip: '192.168.1.12', os.name: 'Windows 11', os.arch: 'amd64', os.version: '10.0', java.version: '18.0.2.1'
Driver info: org.openqa.selenium.chrome.ChromeDriver
Capabilities {acceptInsecureCerts: false, browserName: chrome, browserVersion: 109.0.5414.75, chrome: {chromedriverVersion: 109.0.5414.74 (e7c5703604da..., userDataDir: C:\Users\bhara\AppData\Loca...}, goog:chromeOptions: {debuggerAddress: localhost:56778}, javascriptEnabled: true, networkConnectionEnabled: false, pageLoadStrategy: normal, platform: WINDOWS, platformName: WINDOWS, proxy: Proxy(), setWindowRect: true, strictFileInteractability: false, timeouts: {implicit: 0, pageLoad: 300000, script: 30000}, unhandledPromptBehavior: dismiss and notify, webauthn:extension:credBlob: true, webauthn:extension:largeBlob: true, webauthn:virtualAuthenticators: true}
Session ID: ccaaf18577fe5ec69278ffdc694798c1
*** Element info: {Using=xpath, value=//input[@placeholder='Enter Username']}
at org.openqa.selenium.remote.http.W3CHttpResponseCodec.createException(W3CHttpResponseCodec.java:187)
at org.openqa.selenium.remote.http.W3CHttpResponseCodec.decode(W3CHttpResponseCodec.java:122)
at org.openqa.selenium.remote.http.W3CHttpResponseCodec.decode(W3CHttpResponseCodec.java:49)
at org.openqa.selenium.remote.HttpCommandExecutor.execute(HttpCommandExecutor.java:158)
at org.openqa.selenium.remote.service.DriverCommandExecutor.execute(DriverCommandExecutor.java:83)
at org.openqa.selenium.remote.RemoteWebDriver.execute(RemoteWebDriver.java:552)
at org.openqa.selenium.remote.RemoteWebDriver.findElement(RemoteWebDriver.java:323)
at org.openqa.selenium.remote.RemoteWebDriver.findElementByXPath(RemoteWebDriver.java:428)
at org.openqa.selenium.By$ByXPath.findElement(By.java:353)
at org.openqa.selenium.remote.RemoteWebDriver.findElement(RemoteWebDriver.java:315)
at org.openqa.selenium.support.pagefactory.DefaultElementLocator.findElement(DefaultElementLocator.java:69)
at org.openqa.selenium.support.pagefactory.internal.LocatingElementHandler.invoke(LocatingElementHandler.java:38)
at jdk.proxy2/jdk.proxy2.$Proxy18.sendKeys(Unknown Source)
at adminObjectRepository.LoginPage.login(LoginPage.java:54)
at genericUtility.BaseClass.BM(BaseClass.java:71)
at java.base/java.util.concurrent.ThreadPoolExecutor.runWorker(ThreadPoolExecutor.java:1136)
at java.base/java.util.concurrent.ThreadPoolExecutor$Worker.run(ThreadPoolExecutor.java:635)
at java.base/java.lang.Thread.run(Thread.java:833)
... Removed 17 stack frames]]>
    </failure>
  </testcase> <!-- @BeforeMethod BM -->
  <testcase classname="genericUtility.BaseClass" name="@AfterMethod AM" time="-1.674640651032E9">
    <skipped/>
  </testcase> <!-- @AfterMethod AM -->
  <testcase classname="genericUtility.BaseClass" name="@BeforeMethod BM" time="-1.674640651033E9">
    <skipped/>
  </testcase> <!-- @BeforeMethod BM -->
  <testcase classname="genericUtility.BaseClass" name="@AfterMethod AM" time="-1.674640651034E9">
    <skipped/>
  </testcase> <!-- @AfterMethod AM -->
  <testcase classname="genericUtility.BaseClass" name="@BeforeMethod BM" time="-1.674640651035E9">
    <skipped/>
  </testcase> <!-- @BeforeMethod BM -->
  <testcase classname="genericUtility.BaseClass" name="@AfterMethod AM" time="-1.674640651036E9">
    <skipped/>
  </testcase> <!-- @AfterMethod AM -->
  <testcase classname="genericUtility.BaseClass" name="@BeforeMethod BM" time="-1.674640651037E9">
    <skipped/>
  </testcase> <!-- @BeforeMethod BM -->
  <testcase classname="genericUtility.BaseClass" name="@AfterMethod AM" time="-1.674640651038E9">
    <skipped/>
  </testcase> <!-- @AfterMethod AM -->
  <testcase classname="genericUtility.BaseClass" name="@BeforeMethod BM" time="-1.674640651039E9">
    <skipped/>
  </testcase> <!-- @BeforeMethod BM -->
  <testcase classname="genericUtility.BaseClass" name="@AfterMethod AM" time="-1.67464065104E9">
    <skipped/>
  </testcase> <!-- @AfterMethod AM -->
  <testcase classname="genericUtility.BaseClass" name="@BeforeMethod BM" time="-1.67464065104E9">
    <skipped/>
  </testcase> <!-- @BeforeMethod BM -->
  <testcase classname="genericUtility.BaseClass" name="@AfterMethod AM" time="-1.674640651042E9">
    <skipped/>
  </testcase> <!-- @AfterMethod AM -->
  <testcase classname="genericUtility.BaseClass" name="@BeforeMethod BM" time="-1.674640651042E9">
    <skipped/>
  </testcase> <!-- @BeforeMethod BM -->
  <testcase classname="genericUtility.BaseClass" name="@AfterMethod AM" time="-1.674640651043E9">
    <skipped/>
  </testcase> <!-- @AfterMethod AM -->
  <testcase classname="genericUtility.BaseClass" name="@BeforeMethod BM" time="-1.674640651044E9">
    <skipped/>
  </testcase> <!-- @BeforeMethod BM -->
  <testcase classname="genericUtility.BaseClass" name="@AfterMethod AM" time="-1.674640651045E9">
    <skipped/>
  </testcase> <!-- @AfterMethod AM -->
  <testcase classname="genericUtility.BaseClass" name="@BeforeMethod BM" time="-1.674640651045E9">
    <skipped/>
  </testcase> <!-- @BeforeMethod BM -->
  <testcase classname="genericUtility.BaseClass" name="@AfterMethod AM" time="-1.674640651047E9">
    <skipped/>
  </testcase> <!-- @AfterMethod AM -->
  <testcase classname="genericUtility.BaseClass" name="@AfterClass AC" time="-1.674640651048E9">
    <skipped/>
  </testcase> <!-- @AfterClass AC -->
  <testcase classname="admin.uat.battlexo.com.CreateModeratorTest" name="createModeratorPage" time="3.383"/>
  <testcase classname="admin.uat.battlexo.com.CreateModeratorTest" name="createModeratorPage" time="0.0">
    <skipped/>
  </testcase> <!-- createModeratorPage -->
  <testcase classname="admin.uat.battlexo.com.CreateModeratorTest" name="createModeratorPage" time="0.0">
    <skipped/>
  </testcase> <!-- createModeratorPage -->
  <testcase classname="admin.uat.battlexo.com.CreateModeratorTest" name="createModeratorPage" time="0.0">
    <skipped/>
  </testcase> <!-- createModeratorPage -->
  <testcase classname="admin.uat.battlexo.com.CreateModeratorTest" name="createModeratorPage" time="0.0">
    <skipped/>
  </testcase> <!-- createModeratorPage -->
  <testcase classname="admin.uat.battlexo.com.CreateModeratorTest" name="createModeratorPage" time="0.0">
    <skipped/>
  </testcase> <!-- createModeratorPage -->
  <testcase classname="admin.uat.battlexo.com.CreateModeratorTest" name="createModeratorPage" time="0.0">
    <skipped/>
  </testcase> <!-- createModeratorPage -->
  <testcase classname="admin.uat.battlexo.com.CreateModeratorTest" name="createModeratorPage" time="0.0">
    <skipped/>
  </testcase> <!-- createModeratorPage -->
  <testcase classname="admin.uat.battlexo.com.CreateModeratorTest" name="createModeratorPage" time="0.0">
    <skipped/>
  </testcase> <!-- createModeratorPage -->
  <testcase classname="admin.uat.battlexo.com.CreateModeratorTest" name="createModeratorPage" time="0.0">
    <skipped/>
  </testcase> <!-- createModeratorPage -->
</testsuite> <!-- Test -->
